[13300:5464:1031/115922:INFO:AppRunner.cpp(611)] Begin run process geeplayer, -runfrom openimage "D:\实验室学习\前端培训\课堂作品\轻轻家教\img\th-spring.png", mainplugin is mainPlugin
[13300:5464:1031/115922:INFO:AppRunner.cpp(617)] ProductName is GeePlayer1
[13300:5464:1031/115922:INFO:ChannelManager.cpp(1219)] create connection thread
[13300:5464:1031/115922:INFO:AppRunner.cpp(661)] apppluginbase version is 5.1.3.13
[13300:5464:1031/115922:INFO:UIlib.cpp(192)] quilib: version is 5.1.3.9
[13300:5464:1031/115922:INFO:serviceManager.cpp(508)] mainprocessisrunning key is set as 1
[13300:5464:1031/115922:INFO:serviceManager.cpp(629)] create local service plugin PluginServerStatePlugin
[13300:5464:1031/115922:INFO:serviceManager.cpp(687)] plugin PluginServerStatePlugin DoPluginInit
[13300:5464:1031/115922:INFO:serviceManager.cpp(1272)] repository parse over
[13300:5464:1031/115924:INFO:UIManager.cpp(383)] quilib:call set resouce path, path is c:\program files (x86)\iqiyi video\geeplayer\3.0.40.3591\skin
[13300:5464:1031/115925:INFO:UIMarkup.cpp(395)] quilib:Open Resource failed, Path is c:\program files (x86)\iqiyi video\geeplayer\3.0.40.3591\skin\StyleTable.xml, last error is2
[13300:5464:1031/115925:INFO:UIDlgBuilder.cpp(512)] quilib:create root control failed
[13300:5464:1031/115925:INFO:UIDlgBuilder.cpp(512)] quilib:create root control failed
[13300:5464:1031/115925:INFO:UIDlgBuilder.cpp(512)] quilib:create root control failed
[13300:5464:1031/115925:INFO:UIDlgBuilder.cpp(512)] quilib:create root control failed
[13300:5464:1031/115925:INFO:UIDlgBuilder.cpp(512)] quilib:create root control failed
[13300:5464:1031/115925:INFO:UIDlgBuilder.cpp(512)] quilib:create root control failed
[13300:5464:1031/120030:INFO:AppRunner.cpp(720)] loop exit geeplayer call main plugin DestoryPluginEntry
[13300:5464:1031/120030:INFO:PluginDevelopAssistant.cpp(115)] real plugin mainPlugin call DestroyPlugin
[13300:5464:1031/120030:INFO:IPlugin.cpp(31)] destruct plugin mainPlugin
[13300:5464:1031/120030:INFO:serviceManager.cpp(1353)] mainPlugin plugin had destroy by DestructPlugin
[13300:5464:1031/120030:INFO:serviceManager.cpp(1906)] DestructManager begin
[13300:5464:1031/120030:INFO:IPlugin.cpp(31)] destruct plugin PluginServerStatePlugin
[13300:5464:1031/120030:INFO:PluginDevelopAssistant.cpp(295)] real plugin PluginServerStatePlugin call DestroyPlugin
[13300:5464:1031/120030:INFO:serviceManager.cpp(1353)] PluginServerStatePlugin plugin had destroy by DestructPlugin
[13300:5464:1031/120030:INFO:serviceManager.cpp(1759)] DeleteLeftPlugins begin
[13300:5464:1031/120030:INFO:serviceManager.cpp(1822)] DeleteLeftPlugins end
[13300:5464:1031/120030:INFO:serviceManager.cpp(508)] mainprocessisrunning key is set as 0
[13300:5464:1031/120030:INFO:AppRunner.cpp(735)] close mutex of process geeplayer
[13300:5464:1031/120030:INFO:AppRunner.cpp(743)] run process geeplayer end
